<?xml version="1.0" encoding="UTF-8"?>
<testsuite xmlns:xsi="http://www.w3.org/2001/XMLSchema-instance" xsi:noNamespaceSchemaLocation="https://maven.apache.org/surefire/maven-surefire-plugin/xsd/surefire-test-report.xsd" name="ApiTest" time="128.267" tests="1" errors="0" skipped="0" failures="0">
  <properties>
    <property name="awt.toolkit" value="sun.awt.X11.XToolkit"/>
    <property name="file.encoding.pkg" value="sun.io"/>
    <property name="java.specification.version" value="1.8"/>
    <property name="sun.cpu.isalist" value=""/>
    <property name="sun.jnu.encoding" value="UTF-8"/>
    <property name="java.class.path" value="/home/travis/build/JLSchaap/DKK-API-TEST/target/test-classes:/home/travis/build/JLSchaap/DKK-API-TEST/target/classes:/home/travis/.m2/repository/com/intuit/karate/karate-apache/0.9.5/karate-apache-0.9.5.jar:/home/travis/.m2/repository/com/intuit/karate/karate-core/0.9.5/karate-core-0.9.5.jar:/home/travis/.m2/repository/com/jayway/jsonpath/json-path/2.4.0/json-path-2.4.0.jar:/home/travis/.m2/repository/net/minidev/json-smart/2.3/json-smart-2.3.jar:/home/travis/.m2/repository/net/minidev/accessors-smart/1.2/accessors-smart-1.2.jar:/home/travis/.m2/repository/org/ow2/asm/asm/5.0.4/asm-5.0.4.jar:/home/travis/.m2/repository/info/cukes/cucumber-java/1.2.5/cucumber-java-1.2.5.jar:/home/travis/.m2/repository/info/cukes/cucumber-core/1.2.5/cucumber-core-1.2.5.jar:/home/travis/.m2/repository/org/yaml/snakeyaml/1.24/snakeyaml-1.24.jar:/home/travis/.m2/repository/de/siegmar/fastcsv/1.0.3/fastcsv-1.0.3.jar:/home/travis/.m2/repository/info/picocli/picocli/4.0.3/picocli-4.0.3.jar:/home/travis/.m2/repository/org/apache/httpcomponents/httpclient/4.5.11/httpclient-4.5.11.jar:/home/travis/.m2/repository/org/apache/httpcomponents/httpcore/4.4.13/httpcore-4.4.13.jar:/home/travis/.m2/repository/commons-codec/commons-codec/1.11/commons-codec-1.11.jar:/home/travis/.m2/repository/org/apache/httpcomponents/httpmime/4.5.11/httpmime-4.5.11.jar:/home/travis/.m2/repository/org/slf4j/jcl-over-slf4j/1.7.25/jcl-over-slf4j-1.7.25.jar:/home/travis/.m2/repository/org/slf4j/slf4j-api/1.7.25/slf4j-api-1.7.25.jar:/home/travis/.m2/repository/ch/qos/logback/logback-classic/1.2.3/logback-classic-1.2.3.jar:/home/travis/.m2/repository/ch/qos/logback/logback-core/1.2.3/logback-core-1.2.3.jar:/home/travis/.m2/repository/com/intuit/karate/karate-junit4/0.9.5/karate-junit4-0.9.5.jar:/home/travis/.m2/repository/junit/junit/4.12/junit-4.12.jar:/home/travis/.m2/repository/org/hamcrest/hamcrest-core/1.3/hamcrest-core-1.3.jar:/home/travis/.m2/repository/net/masterthought/cucumber-reporting/3.13.0/cucumber-reporting-3.13.0.jar:/home/travis/.m2/repository/org/apache/logging/log4j/log4j-api/2.8.2/log4j-api-2.8.2.jar:/home/travis/.m2/repository/org/apache/logging/log4j/log4j-core/2.8.2/log4j-core-2.8.2.jar:/home/travis/.m2/repository/com/fasterxml/jackson/core/jackson-databind/2.8.6/jackson-databind-2.8.6.jar:/home/travis/.m2/repository/com/fasterxml/jackson/core/jackson-annotations/2.8.0/jackson-annotations-2.8.0.jar:/home/travis/.m2/repository/com/fasterxml/jackson/core/jackson-core/2.8.6/jackson-core-2.8.6.jar:/home/travis/.m2/repository/org/apache/velocity/velocity/1.7/velocity-1.7.jar:/home/travis/.m2/repository/commons-collections/commons-collections/3.2.1/commons-collections-3.2.1.jar:/home/travis/.m2/repository/commons-lang/commons-lang/2.4/commons-lang-2.4.jar:/home/travis/.m2/repository/velocity-tools/velocity-tools/1.4/velocity-tools-1.4.jar:/home/travis/.m2/repository/joda-time/joda-time/2.9.9/joda-time-2.9.9.jar:/home/travis/.m2/repository/org/apache/commons/commons-lang3/3.6/commons-lang3-3.6.jar:/home/travis/.m2/repository/commons-io/commons-io/2.5/commons-io-2.5.jar:/home/travis/.m2/repository/net/lingala/zip4j/zip4j/1.3.2/zip4j-1.3.2.jar:/home/travis/.m2/repository/org/codehaus/plexus/plexus-utils/3.0.24/plexus-utils-3.0.24.jar:/home/travis/.m2/repository/org/jsoup/jsoup/1.10.3/jsoup-1.10.3.jar:/home/travis/.m2/repository/com/googlecode/owasp-java-html-sanitizer/owasp-java-html-sanitizer/20170515.1/owasp-java-html-sanitizer-20170515.1.jar:/home/travis/.m2/repository/com/google/guava/guava/20.0/guava-20.0.jar:/home/travis/.m2/repository/commons-configuration/commons-configuration/1.6/commons-configuration-1.6.jar:/home/travis/.m2/repository/commons-logging/commons-logging/1.1.1/commons-logging-1.1.1.jar:/home/travis/.m2/repository/commons-digester/commons-digester/1.8/commons-digester-1.8.jar:/home/travis/.m2/repository/commons-beanutils/commons-beanutils/1.7.0/commons-beanutils-1.7.0.jar:/home/travis/.m2/repository/commons-beanutils/commons-beanutils-core/1.8.0/commons-beanutils-core-1.8.0.jar:"/>
    <property name="java.vm.vendor" value="Oracle Corporation"/>
    <property name="sun.arch.data.model" value="64"/>
    <property name="java.vendor.url" value="http://java.oracle.com/"/>
    <property name="user.timezone" value=""/>
    <property name="java.vm.specification.version" value="1.8"/>
    <property name="os.name" value="Linux"/>
    <property name="user.country" value="US"/>
    <property name="sun.java.launcher" value="SUN_STANDARD"/>
    <property name="sun.boot.library.path" value="/usr/lib/jvm/java-8-oracle/jre/lib/amd64"/>
    <property name="sun.java.command" value="/home/travis/build/JLSchaap/DKK-API-TEST/target/surefire/surefirebooter6186568412172166714.jar /home/travis/build/JLSchaap/DKK-API-TEST/target/surefire 2021-06-15T02-28-59_461-jvmRun1 surefire7934581711213252632tmp surefire_05599407036896895734tmp"/>
    <property name="surefire.test.class.path" value="/home/travis/build/JLSchaap/DKK-API-TEST/target/test-classes:/home/travis/build/JLSchaap/DKK-API-TEST/target/classes:/home/travis/.m2/repository/com/intuit/karate/karate-apache/0.9.5/karate-apache-0.9.5.jar:/home/travis/.m2/repository/com/intuit/karate/karate-core/0.9.5/karate-core-0.9.5.jar:/home/travis/.m2/repository/com/jayway/jsonpath/json-path/2.4.0/json-path-2.4.0.jar:/home/travis/.m2/repository/net/minidev/json-smart/2.3/json-smart-2.3.jar:/home/travis/.m2/repository/net/minidev/accessors-smart/1.2/accessors-smart-1.2.jar:/home/travis/.m2/repository/org/ow2/asm/asm/5.0.4/asm-5.0.4.jar:/home/travis/.m2/repository/info/cukes/cucumber-java/1.2.5/cucumber-java-1.2.5.jar:/home/travis/.m2/repository/info/cukes/cucumber-core/1.2.5/cucumber-core-1.2.5.jar:/home/travis/.m2/repository/org/yaml/snakeyaml/1.24/snakeyaml-1.24.jar:/home/travis/.m2/repository/de/siegmar/fastcsv/1.0.3/fastcsv-1.0.3.jar:/home/travis/.m2/repository/info/picocli/picocli/4.0.3/picocli-4.0.3.jar:/home/travis/.m2/repository/org/apache/httpcomponents/httpclient/4.5.11/httpclient-4.5.11.jar:/home/travis/.m2/repository/org/apache/httpcomponents/httpcore/4.4.13/httpcore-4.4.13.jar:/home/travis/.m2/repository/commons-codec/commons-codec/1.11/commons-codec-1.11.jar:/home/travis/.m2/repository/org/apache/httpcomponents/httpmime/4.5.11/httpmime-4.5.11.jar:/home/travis/.m2/repository/org/slf4j/jcl-over-slf4j/1.7.25/jcl-over-slf4j-1.7.25.jar:/home/travis/.m2/repository/org/slf4j/slf4j-api/1.7.25/slf4j-api-1.7.25.jar:/home/travis/.m2/repository/ch/qos/logback/logback-classic/1.2.3/logback-classic-1.2.3.jar:/home/travis/.m2/repository/ch/qos/logback/logback-core/1.2.3/logback-core-1.2.3.jar:/home/travis/.m2/repository/com/intuit/karate/karate-junit4/0.9.5/karate-junit4-0.9.5.jar:/home/travis/.m2/repository/junit/junit/4.12/junit-4.12.jar:/home/travis/.m2/repository/org/hamcrest/hamcrest-core/1.3/hamcrest-core-1.3.jar:/home/travis/.m2/repository/net/masterthought/cucumber-reporting/3.13.0/cucumber-reporting-3.13.0.jar:/home/travis/.m2/repository/org/apache/logging/log4j/log4j-api/2.8.2/log4j-api-2.8.2.jar:/home/travis/.m2/repository/org/apache/logging/log4j/log4j-core/2.8.2/log4j-core-2.8.2.jar:/home/travis/.m2/repository/com/fasterxml/jackson/core/jackson-databind/2.8.6/jackson-databind-2.8.6.jar:/home/travis/.m2/repository/com/fasterxml/jackson/core/jackson-annotations/2.8.0/jackson-annotations-2.8.0.jar:/home/travis/.m2/repository/com/fasterxml/jackson/core/jackson-core/2.8.6/jackson-core-2.8.6.jar:/home/travis/.m2/repository/org/apache/velocity/velocity/1.7/velocity-1.7.jar:/home/travis/.m2/repository/commons-collections/commons-collections/3.2.1/commons-collections-3.2.1.jar:/home/travis/.m2/repository/commons-lang/commons-lang/2.4/commons-lang-2.4.jar:/home/travis/.m2/repository/velocity-tools/velocity-tools/1.4/velocity-tools-1.4.jar:/home/travis/.m2/repository/joda-time/joda-time/2.9.9/joda-time-2.9.9.jar:/home/travis/.m2/repository/org/apache/commons/commons-lang3/3.6/commons-lang3-3.6.jar:/home/travis/.m2/repository/commons-io/commons-io/2.5/commons-io-2.5.jar:/home/travis/.m2/repository/net/lingala/zip4j/zip4j/1.3.2/zip4j-1.3.2.jar:/home/travis/.m2/repository/org/codehaus/plexus/plexus-utils/3.0.24/plexus-utils-3.0.24.jar:/home/travis/.m2/repository/org/jsoup/jsoup/1.10.3/jsoup-1.10.3.jar:/home/travis/.m2/repository/com/googlecode/owasp-java-html-sanitizer/owasp-java-html-sanitizer/20170515.1/owasp-java-html-sanitizer-20170515.1.jar:/home/travis/.m2/repository/com/google/guava/guava/20.0/guava-20.0.jar:/home/travis/.m2/repository/commons-configuration/commons-configuration/1.6/commons-configuration-1.6.jar:/home/travis/.m2/repository/commons-logging/commons-logging/1.1.1/commons-logging-1.1.1.jar:/home/travis/.m2/repository/commons-digester/commons-digester/1.8/commons-digester-1.8.jar:/home/travis/.m2/repository/commons-beanutils/commons-beanutils/1.7.0/commons-beanutils-1.7.0.jar:/home/travis/.m2/repository/commons-beanutils/commons-beanutils-core/1.8.0/commons-beanutils-core-1.8.0.jar:"/>
    <property name="sun.cpu.endian" value="little"/>
    <property name="user.home" value="/home/travis"/>
    <property name="user.language" value="en"/>
    <property name="java.specification.vendor" value="Oracle Corporation"/>
    <property name="java.home" value="/usr/lib/jvm/java-8-oracle/jre"/>
    <property name="basedir" value="/home/travis/build/JLSchaap/DKK-API-TEST"/>
    <property name="file.separator" value="/"/>
    <property name="line.separator" value="&#10;"/>
    <property name="java.vm.specification.vendor" value="Oracle Corporation"/>
    <property name="java.specification.name" value="Java Platform API Specification"/>
    <property name="java.awt.graphicsenv" value="sun.awt.X11GraphicsEnvironment"/>
    <property name="surefire.real.class.path" value="/home/travis/build/JLSchaap/DKK-API-TEST/target/surefire/surefirebooter6186568412172166714.jar"/>
    <property name="sun.boot.class.path" value="/usr/lib/jvm/java-8-oracle/jre/lib/resources.jar:/usr/lib/jvm/java-8-oracle/jre/lib/rt.jar:/usr/lib/jvm/java-8-oracle/jre/lib/sunrsasign.jar:/usr/lib/jvm/java-8-oracle/jre/lib/jsse.jar:/usr/lib/jvm/java-8-oracle/jre/lib/jce.jar:/usr/lib/jvm/java-8-oracle/jre/lib/charsets.jar:/usr/lib/jvm/java-8-oracle/jre/lib/jfr.jar:/usr/lib/jvm/java-8-oracle/jre/classes"/>
    <property name="sun.management.compiler" value="HotSpot 64-Bit Tiered Compilers"/>
    <property name="java.runtime.version" value="1.8.0_151-b12"/>
    <property name="user.name" value="travis"/>
    <property name="path.separator" value=":"/>
    <property name="os.version" value="4.4.0-101-generic"/>
    <property name="java.endorsed.dirs" value="/usr/lib/jvm/java-8-oracle/jre/lib/endorsed"/>
    <property name="java.runtime.name" value="Java(TM) SE Runtime Environment"/>
    <property name="file.encoding" value="UTF-8"/>
    <property name="java.vm.name" value="Java HotSpot(TM) 64-Bit Server VM"/>
    <property name="localRepository" value="/home/travis/.m2/repository"/>
    <property name="java.vendor.url.bug" value="http://bugreport.sun.com/bugreport/"/>
    <property name="java.io.tmpdir" value="/tmp"/>
    <property name="java.version" value="1.8.0_151"/>
    <property name="user.dir" value="/home/travis/build/JLSchaap/DKK-API-TEST"/>
    <property name="os.arch" value="amd64"/>
    <property name="java.vm.specification.name" value="Java Virtual Machine Specification"/>
    <property name="java.awt.printerjob" value="sun.print.PSPrinterJob"/>
    <property name="sun.os.patch.level" value="unknown"/>
    <property name="java.library.path" value="/usr/java/packages/lib/amd64:/usr/lib64:/lib64:/lib:/usr/lib"/>
    <property name="java.vm.info" value="mixed mode"/>
    <property name="java.vendor" value="Oracle Corporation"/>
    <property name="java.vm.version" value="25.151-b12"/>
    <property name="java.ext.dirs" value="/usr/lib/jvm/java-8-oracle/jre/lib/ext:/usr/java/packages/lib/ext"/>
    <property name="sun.io.unicode.encoding" value="UnicodeLittle"/>
    <property name="java.class.version" value="52.0"/>
  </properties>
  <testcase name="testParallel" classname="ApiTest" time="128.193"/>
</testsuite>